<?xml version="1.0" encoding="UTF-8"?>
<testsuite name="HelloWorldTest" tests="3" skipped="0" failures="0" errors="0" timestamp="2016-12-21T17:11:41" hostname="Karinas-MacBook-Pro.local" time="0.004">
  <properties/>
  <testcase name="helloSampleName" classname="HelloWorldTest" time="0.003"/>
  <testcase name="helloNoName" classname="HelloWorldTest" time="0.001"/>
  <testcase name="helloAnotherSampleName" classname="HelloWorldTest" time="0.0"/>
  <system-out><![CDATA[]]></system-out>
  <system-err><![CDATA[]]></system-err>
</testsuite>
