<?xml version="1.0" encoding="UTF-8"?>
<testsuite name="HelloWorldTest" tests="3" skipped="1" failures="0" errors="0" timestamp="2016-12-21T17:09:16" hostname="Karinas-MacBook-Pro.local" time="0.006">
  <properties/>
  <testcase name="helloSampleName" classname="HelloWorldTest" time="0.002"/>
  <testcase name="helloNoName" classname="HelloWorldTest" time="0.0"/>
  <testcase name="helloAnotherSampleName" classname="HelloWorldTest" time="0.002">
    <skipped/>
  </testcase>
  <system-out><![CDATA[]]></system-out>
  <system-err><![CDATA[]]></system-err>
</testsuite>
