<?xml version="1.0" encoding="UTF-8"?>
<testsuite name="NucleotideTest" tests="1" skipped="0" failures="0" errors="0" timestamp="2016-12-22T20:28:25" hostname="Karinas-MacBook-Pro.local" time="0.005">
  <properties/>
  <testcase name="testEmptyDnaStringHasNoAdenosine" classname="NucleotideTest" time="0.005"/>
  <system-out><![CDATA[]]></system-out>
  <system-err><![CDATA[]]></system-err>
</testsuite>
