<?xml version="1.0" encoding="UTF-8"?>
<testsuite name="NucleotideTest" tests="9" skipped="0" failures="0" errors="0" timestamp="2017-04-06T21:44:32" hostname="Karinas-MacBook-Pro.local" time="0.022">
  <properties/>
  <testcase name="testCountsAllNucleotides" classname="NucleotideTest" time="0.016"/>
  <testcase name="testEmptyDnaStringHasNoAdenosine" classname="NucleotideTest" time="0.0"/>
  <testcase name="testRepetitiveCytidineGetsCounted" classname="NucleotideTest" time="0.0"/>
  <testcase name="testEmptyDnaStringHasNoNucleotides" classname="NucleotideTest" time="0.0"/>
  <testcase name="testCountsOnlyThymidine" classname="NucleotideTest" time="0.0"/>
  <testcase name="testDnaCountsDoNotChangeAfterCountingAdenosine" classname="NucleotideTest" time="0.0"/>
  <testcase name="testValidatesNucleotides" classname="NucleotideTest" time="0.0"/>
  <testcase name="testCountsANucleotideOnlyOnce" classname="NucleotideTest" time="0.0"/>
  <testcase name="testRepetitiveSequenceWithOnlyGuanosine" classname="NucleotideTest" time="0.0"/>
  <system-out><![CDATA[]]></system-out>
  <system-err><![CDATA[]]></system-err>
</testsuite>
