<?xml version="1.0" encoding="UTF-8"?>
<testsuite name="EtlTest" tests="4" skipped="0" failures="0" errors="0" timestamp="2016-12-21T19:05:20" hostname="Karinas-MacBook-Pro.local" time="0.008">
  <properties/>
  <testcase name="testTransformOneValue" classname="EtlTest" time="0.002"/>
  <testcase name="testTransformMoreValues" classname="EtlTest" time="0.001"/>
  <testcase name="testFullDataset" classname="EtlTest" time="0.002"/>
  <testcase name="testMoreKeys" classname="EtlTest" time="0.002"/>
  <system-out><![CDATA[]]></system-out>
  <system-err><![CDATA[]]></system-err>
</testsuite>
